[2024-02-03 16:39:35] local.ERROR: Symfony\Component\HttpFoundation\Response::setContent(): Argument #1 ($content) must be of type ?string, DOMDocument given, called in /home/henriquezcom/public_html/henriquezgo/vendor/laravel/framework/src/Illuminate/Http/Response.php on line 72 {"exception":"[object] (TypeError(code: 0): Symfony\\Component\\HttpFoundation\\Response::setContent(): Argument #1 ($content) must be of type ?string, DOMDocument given, called in /home/henriquezcom/public_html/henriquezgo/vendor/laravel/framework/src/Illuminate/Http/Response.php on line 72 at /home/henriquezcom/public_html/henriquezgo/vendor/symfony/http-foundation/Response.php:391)
[stacktrace]
#0 /home/henriquezcom/public_html/henriquezgo/vendor/laravel/framework/src/Illuminate/Http/Response.php(72): Symfony\\Component\\HttpFoundation\\Response->setContent(Object(DOMDocument))
#1 /home/henriquezcom/public_html/henriquezgo/vendor/laravel/framework/src/Illuminate/Http/Response.php(35): Illuminate\\Http\\Response->setContent(Object(DOMDocument))
#2 /home/henriquezcom/public_html/henriquezgo/vendor/laravel/framework/src/Illuminate/Routing/Router.php(834): Illuminate\\Http\\Response->__construct(Object(DOMDocument), 200, Array)
#3 /home/henriquezcom/public_html/henriquezgo/vendor/laravel/framework/src/Illuminate/Routing/Router.php(803): Illuminate\\Routing\\Router::toResponse(Object(Illuminate\\Http\\Request), Object(DOMDocument))
#4 /home/henriquezcom/public_html/henriquezgo/vendor/laravel/framework/src/Illuminate/Routing/Router.php(725): Illuminate\\Routing\\Router->prepareResponse(Object(Illuminate\\Http\\Request), Object(DOMDocument))
#5 /home/henriquezcom/public_html/henriquezgo/vendor/laravel/framework/src/Illuminate/Pipeline/Pipeline.php(141): Illuminate\\Routing\\Router->Illuminate\\Routing\\{closure}(Object(Illuminate\\Http\\Request))
#6 /home/henriquezcom/public_html/henriquezgo/app/Http/Middleware/AuthGate.php(40): Illuminate\\Pipeline\\Pipeline->Illuminate\\Pipeline\\{closure}(Object(Illuminate\\Http\\Request))
#7 /home/henriquezcom/public_html/henriquezgo/vendor/laravel/framework/src/Illuminate/Pipeline/Pipeline.php(180): App\\Http\\Middleware\\AuthGate->handle(Object(Illuminate\\Http\\Request), Object(Closure))
#8 /home/henriquezcom/public_html/henriquezgo/vendor/laravel/framework/src/Illuminate/Routing/Middleware/SubstituteBindings.php(50): Illuminate\\Pipeline\\Pipeline->Illuminate\\Pipeline\\{closure}(Object(Illuminate\\Http\\Request))
#9 /home/henriquezcom/public_html/henriquezgo/vendor/laravel/framework/src/Illuminate/Pipeline/Pipeline.php(180): Illuminate\\Routing\\Middleware\\SubstituteBindings->handle(Object(Illuminate\\Http\\Request), Object(Closure))
#10 /home/henriquezcom/public_html/henriquezgo/vendor/laravel/framework/src/Illuminate/Foundation/Http/Middleware/VerifyCsrfToken.php(78): Illuminate\\Pipeline\\Pipeline->Illuminate\\Pipeline\\{closure}(Object(Illuminate\\Http\\Request))
#11 /home/henriquezcom/public_html/henriquezgo/vendor/laravel/framework/src/Illuminate/Pipeline/Pipeline.php(180): Illuminate\\Foundation\\Http\\Middleware\\VerifyCsrfToken->handle(Object(Illuminate\\Http\\Request), Object(Closure))
#12 /home/henriquezcom/public_html/henriquezgo/vendor/laravel/framework/src/Illuminate/View/Middleware/ShareErrorsFromSession.php(49): Illuminate\\Pipeline\\Pipeline->Illuminate\\Pipeline\\{closure}(Object(Illuminate\\Http\\Request))
#13 /home/henriquezcom/public_html/henriquezgo/vendor/laravel/framework/src/Illuminate/Pipeline/Pipeline.php(180): Illuminate\\View\\Middleware\\ShareErrorsFromSession->handle(Object(Illuminate\\Http\\Request), Object(Closure))
#14 /home/henriquezcom/public_html/henriquezgo/vendor/laravel/framework/src/Illuminate/Session/Middleware/StartSession.php(121): Illuminate\\Pipeline\\Pipeline->Illuminate\\Pipeline\\{closure}(Object(Illuminate\\Http\\Request))
#15 /home/henriquezcom/public_html/henriquezgo/vendor/laravel/framework/src/Illuminate/Session/Middleware/StartSession.php(64): Illuminate\\Session\\Middleware\\StartSession->handleStatefulRequest(Object(Illuminate\\Http\\Request), Object(Illuminate\\Session\\Store), Object(Closure))
#16 /home/henriquezcom/public_html/henriquezgo/vendor/laravel/framework/src/Illuminate/Pipeline/Pipeline.php(180): Illuminate\\Session\\Middleware\\StartSession->handle(Object(Illuminate\\Http\\Request), Object(Closure))
#17 /home/henriquezcom/public_html/henriquezgo/vendor/laravel/framework/src/Illuminate/Cookie/Middleware/AddQueuedCookiesToResponse.php(37): Illuminate\\Pipeline\\Pipeline->Illuminate\\Pipeline\\{closure}(Object(Illuminate\\Http\\Request))
#18 /home/henriquezcom/public_html/henriquezgo/vendor/laravel/framework/src/Illuminate/Pipeline/Pipeline.php(180): Illuminate\\Cookie\\Middleware\\AddQueuedCookiesToResponse->handle(Object(Illuminate\\Http\\Request), Object(Closure))
#19 /home/henriquezcom/public_html/henriquezgo/vendor/laravel/framework/src/Illuminate/Cookie/Middleware/EncryptCookies.php(67): Illuminate\\Pipeline\\Pipeline->Illuminate\\Pipeline\\{closure}(Object(Illuminate\\Http\\Request))
#20 /home/henriquezcom/public_html/henriquezgo/vendor/laravel/framework/src/Illuminate/Pipeline/Pipeline.php(180): Illuminate\\Cookie\\Middleware\\EncryptCookies->handle(Object(Illuminate\\Http\\Request), Object(Closure))
#21 /home/henriquezcom/public_html/henriquezgo/vendor/laravel/framework/src/Illuminate/Pipeline/Pipeline.php(116): Illuminate\\Pipeline\\Pipeline->Illuminate\\Pipeline\\{closure}(Object(Illuminate\\Http\\Request))
#22 /home/henriquezcom/public_html/henriquezgo/vendor/laravel/framework/src/Illuminate/Routing/Router.php(727): Illuminate\\Pipeline\\Pipeline->then(Object(Closure))
#23 /home/henriquezcom/public_html/henriquezgo/vendor/laravel/framework/src/Illuminate/Routing/Router.php(702): Illuminate\\Routing\\Router->runRouteWithinStack(Object(Illuminate\\Routing\\Route), Object(Illuminate\\Http\\Request))
#24 /home/henriquezcom/public_html/henriquezgo/vendor/laravel/framework/src/Illuminate/Routing/Router.php(666): Illuminate\\Routing\\Router->runRoute(Object(Illuminate\\Http\\Request), Object(Illuminate\\Routing\\Route))
#25 /home/henriquezcom/public_html/henriquezgo/vendor/laravel/framework/src/Illuminate/Routing/Router.php(655): Illuminate\\Routing\\Router->dispatchToRoute(Object(Illuminate\\Http\\Request))
#26 /home/henriquezcom/public_html/henriquezgo/vendor/laravel/framework/src/Illuminate/Foundation/Http/Kernel.php(167): Illuminate\\Routing\\Router->dispatch(Object(Illuminate\\Http\\Request))
#27 /home/henriquezcom/public_html/henriquezgo/vendor/laravel/framework/src/Illuminate/Pipeline/Pipeline.php(141): Illuminate\\Foundation\\Http\\Kernel->Illuminate\\Foundation\\Http\\{closure}(Object(Illuminate\\Http\\Request))
#28 /home/henriquezcom/public_html/henriquezgo/vendor/bepsvpt/secure-headers/src/SecureHeadersMiddleware.php(21): Illuminate\\Pipeline\\Pipeline->Illuminate\\Pipeline\\{closure}(Object(Illuminate\\Http\\Request))
#29 /home/henriquezcom/public_html/henriquezgo/vendor/laravel/framework/src/Illuminate/Pipeline/Pipeline.php(180): Bepsvpt\\SecureHeaders\\SecureHeadersMiddleware->handle(Object(Illuminate\\Http\\Request), Object(Closure))
#30 /home/henriquezcom/public_html/henriquezgo/vendor/laravel/framework/src/Illuminate/Foundation/Http/Middleware/TransformsRequest.php(21): Illuminate\\Pipeline\\Pipeline->Illuminate\\Pipeline\\{closure}(Object(Illuminate\\Http\\Request))
#31 /home/henriquezcom/public_html/henriquezgo/vendor/laravel/framework/src/Illuminate/Foundation/Http/Middleware/ConvertEmptyStringsToNull.php(31): Illuminate\\Foundation\\Http\\Middleware\\TransformsRequest->handle(Object(Illuminate\\Http\\Request), Object(Closure))
#32 /home/henriquezcom/public_html/henriquezgo/vendor/laravel/framework/src/Illuminate/Pipeline/Pipeline.php(180): Illuminate\\Foundation\\Http\\Middleware\\ConvertEmptyStringsToNull->handle(Object(Illuminate\\Http\\Request), Object(Closure))
#33 /home/henriquezcom/public_html/henriquezgo/vendor/laravel/framework/src/Illuminate/Foundation/Http/Middleware/TransformsRequest.php(21): Illuminate\\Pipeline\\Pipeline->Illuminate\\Pipeline\\{closure}(Object(Illuminate\\Http\\Request))
#34 /home/henriquezcom/public_html/henriquezgo/vendor/laravel/framework/src/Illuminate/Foundation/Http/Middleware/TrimStrings.php(40): Illuminate\\Foundation\\Http\\Middleware\\TransformsRequest->handle(Object(Illuminate\\Http\\Request), Object(Closure))
#35 /home/henriquezcom/public_html/henriquezgo/vendor/laravel/framework/src/Illuminate/Pipeline/Pipeline.php(180): Illuminate\\Foundation\\Http\\Middleware\\TrimStrings->handle(Object(Illuminate\\Http\\Request), Object(Closure))
#36 /home/henriquezcom/public_html/henriquezgo/vendor/laravel/framework/src/Illuminate/Foundation/Http/Middleware/ValidatePostSize.php(27): Illuminate\\Pipeline\\Pipeline->Illuminate\\Pipeline\\{closure}(Object(Illuminate\\Http\\Request))
#37 /home/henriquezcom/public_html/henriquezgo/vendor/laravel/framework/src/Illuminate/Pipeline/Pipeline.php(180): Illuminate\\Foundation\\Http\\Middleware\\ValidatePostSize->handle(Object(Illuminate\\Http\\Request), Object(Closure))
#38 /home/henriquezcom/public_html/henriquezgo/vendor/laravel/framework/src/Illuminate/Foundation/Http/Middleware/PreventRequestsDuringMaintenance.php(86): Illuminate\\Pipeline\\Pipeline->Illuminate\\Pipeline\\{closure}(Object(Illuminate\\Http\\Request))
#39 /home/henriquezcom/public_html/henriquezgo/vendor/laravel/framework/src/Illuminate/Pipeline/Pipeline.php(180): Illuminate\\Foundation\\Http\\Middleware\\PreventRequestsDuringMaintenance->handle(Object(Illuminate\\Http\\Request), Object(Closure))
#40 /home/henriquezcom/public_html/henriquezgo/vendor/laravel/framework/src/Illuminate/Http/Middleware/HandleCors.php(49): Illuminate\\Pipeline\\Pipeline->Illuminate\\Pipeline\\{closure}(Object(Illuminate\\Http\\Request))
#41 /home/henriquezcom/public_html/henriquezgo/vendor/laravel/framework/src/Illuminate/Pipeline/Pipeline.php(180): Illuminate\\Http\\Middleware\\HandleCors->handle(Object(Illuminate\\Http\\Request), Object(Closure))
#42 /home/henriquezcom/public_html/henriquezgo/vendor/laravel/framework/src/Illuminate/Http/Middleware/TrustProxies.php(39): Illuminate\\Pipeline\\Pipeline->Illuminate\\Pipeline\\{closure}(Object(Illuminate\\Http\\Request))
#43 /home/henriquezcom/public_html/henriquezgo/vendor/laravel/framework/src/Illuminate/Pipeline/Pipeline.php(180): Illuminate\\Http\\Middleware\\TrustProxies->handle(Object(Illuminate\\Http\\Request), Object(Closure))
#44 /home/henriquezcom/public_html/henriquezgo/vendor/laravel/framework/src/Illuminate/Pipeline/Pipeline.php(116): Illuminate\\Pipeline\\Pipeline->Illuminate\\Pipeline\\{closure}(Object(Illuminate\\Http\\Request))
#45 /home/henriquezcom/public_html/henriquezgo/vendor/laravel/framework/src/Illuminate/Foundation/Http/Kernel.php(142): Illuminate\\Pipeline\\Pipeline->then(Object(Closure))
#46 /home/henriquezcom/public_html/henriquezgo/vendor/laravel/framework/src/Illuminate/Foundation/Http/Kernel.php(111): Illuminate\\Foundation\\Http\\Kernel->sendRequestThroughRouter(Object(Illuminate\\Http\\Request))
#47 /home/henriquezcom/public_html/henriquezgo/public/index.php(52): Illuminate\\Foundation\\Http\\Kernel->handle(Object(Illuminate\\Http\\Request))
#48 {main}
"} 
